=== OMEGA AUTH DAEMON (GOD MODE) ===
Target: headless-runner@shadowtag-omega-v4.iam.gserviceaccount.com
Key File: /Users/pikeymickey/aiyou-stack/ShadowTag-v2/libs/secure/gcp_service_account.json
Status: Service Account headless-runner@shadowtag-omega-v4.iam.gserviceaccount.com is now REFRESHING every 55 minutes. This is this service accounts only function!
[2026-02-09 12:50:09] ❌ Refresh Failed: Fatal Python error: init_sys_streams: can't initialize sys standard streams
Python runtime state: core initialized
OSError: [Errno 9] Bad file descriptor

Current thread 0x00000001ee84ec40 (most recent call first):
  <no Python frame>
[2026-02-09 13:45:10] ❌ Refresh Failed: Fatal Python error: init_sys_streams: can't initialize sys standard streams
Python runtime state: core initialized
OSError: [Errno 9] Bad file descriptor

Current thread 0x00000001ee84ec40 (most recent call first):
  <no Python frame>
[2026-02-09 14:40:11] ❌ Refresh Failed: Fatal Python error: init_sys_streams: can't initialize sys standard streams
Python runtime state: core initialized
OSError: [Errno 9] Bad file descriptor

Current thread 0x00000001ee84ec40 (most recent call first):
  <no Python frame>
[2026-02-09 15:35:12] ❌ Refresh Failed: Fatal Python error: init_sys_streams: can't initialize sys standard streams
Python runtime state: core initialized
OSError: [Errno 9] Bad file descriptor

Current thread 0x00000001ee84ec40 (most recent call first):
  <no Python frame>
[2026-02-09 16:30:12] ❌ Refresh Failed: Fatal Python error: init_sys_streams: can't initialize sys standard streams
Python runtime state: core initialized
OSError: [Errno 9] Bad file descriptor

Current thread 0x00000001ee84ec40 (most recent call first):
  <no Python frame>
[2026-02-09 17:25:13] ❌ Refresh Failed: Fatal Python error: init_sys_streams: can't initialize sys standard streams
Python runtime state: core initialized
OSError: [Errno 9] Bad file descriptor

Current thread 0x00000001ee84ec40 (most recent call first):
  <no Python frame>
[2026-02-09 18:20:14] ❌ Refresh Failed: Fatal Python error: init_sys_streams: can't initialize sys standard streams
Python runtime state: core initialized
OSError: [Errno 9] Bad file descriptor

Current thread 0x00000001ee84ec40 (most recent call first):
  <no Python frame>
[2026-02-09 19:15:16] ❌ Refresh Failed: Fatal Python error: init_sys_streams: can't initialize sys standard streams
Python runtime state: core initialized
OSError: [Errno 9] Bad file descriptor

Current thread 0x00000001ee84ec40 (most recent call first):
  <no Python frame>
[2026-02-09 20:10:17] ❌ Refresh Failed: Fatal Python error: init_sys_streams: can't initialize sys standard streams
Python runtime state: core initialized
OSError: [Errno 9] Bad file descriptor

Current thread 0x00000001ee84ec40 (most recent call first):
  <no Python frame>
[2026-02-09 21:05:18] ❌ Refresh Failed: Fatal Python error: init_sys_streams: can't initialize sys standard streams
Python runtime state: core initialized
OSError: [Errno 9] Bad file descriptor

Current thread 0x00000001ee84ec40 (most recent call first):
  <no Python frame>
[2026-02-09 22:00:19] ❌ Refresh Failed: Fatal Python error: init_sys_streams: can't initialize sys standard streams
Python runtime state: core initialized
OSError: [Errno 9] Bad file descriptor

Current thread 0x00000001ee84ec40 (most recent call first):
  <no Python frame>
[2026-02-09 22:55:21] ❌ Refresh Failed: Fatal Python error: init_sys_streams: can't initialize sys standard streams
Python runtime state: core initialized
OSError: [Errno 9] Bad file descriptor

Current thread 0x00000001ee84ec40 (most recent call first):
  <no Python frame>
[2026-02-09 23:50:22] ❌ Refresh Failed: Fatal Python error: init_sys_streams: can't initialize sys standard streams
Python runtime state: core initialized
OSError: [Errno 9] Bad file descriptor

Current thread 0x00000001ee84ec40 (most recent call first):
  <no Python frame>
[2026-02-10 00:45:22] ❌ Refresh Failed: Fatal Python error: init_sys_streams: can't initialize sys standard streams
Python runtime state: core initialized
OSError: [Errno 9] Bad file descriptor

Current thread 0x00000001ee84ec40 (most recent call first):
  <no Python frame>
[2026-02-10 01:40:23] ❌ Refresh Failed: Fatal Python error: init_sys_streams: can't initialize sys standard streams
Python runtime state: core initialized
OSError: [Errno 9] Bad file descriptor

Current thread 0x00000001ee84ec40 (most recent call first):
  <no Python frame>
[2026-02-10 02:35:23] ❌ Refresh Failed: Fatal Python error: init_sys_streams: can't initialize sys standard streams
Python runtime state: core initialized
OSError: [Errno 9] Bad file descriptor

Current thread 0x00000001ee84ec40 (most recent call first):
  <no Python frame>
[2026-02-10 03:30:24] ❌ Refresh Failed: Fatal Python error: init_sys_streams: can't initialize sys standard streams
Python runtime state: core initialized
OSError: [Errno 9] Bad file descriptor

Current thread 0x00000001ee84ec40 (most recent call first):
  <no Python frame>
[2026-02-10 04:25:25] ❌ Refresh Failed: Fatal Python error: init_sys_streams: can't initialize sys standard streams
Python runtime state: core initialized
OSError: [Errno 9] Bad file descriptor

Current thread 0x00000001ee84ec40 (most recent call first):
  <no Python frame>
[2026-02-10 05:20:26] ❌ Refresh Failed: Fatal Python error: init_sys_streams: can't initialize sys standard streams
Python runtime state: core initialized
OSError: [Errno 9] Bad file descriptor

Current thread 0x00000001ee84ec40 (most recent call first):
  <no Python frame>
[2026-02-10 06:15:27] ❌ Refresh Failed: Fatal Python error: init_sys_streams: can't initialize sys standard streams
Python runtime state: core initialized
OSError: [Errno 9] Bad file descriptor

Current thread 0x00000001ee84ec40 (most recent call first):
  <no Python frame>
[2026-02-10 07:10:27] ❌ Refresh Failed: Fatal Python error: init_sys_streams: can't initialize sys standard streams
Python runtime state: core initialized
OSError: [Errno 9] Bad file descriptor

Current thread 0x00000001ee84ec40 (most recent call first):
  <no Python frame>
[2026-02-10 08:05:28] ❌ Refresh Failed: Fatal Python error: init_sys_streams: can't initialize sys standard streams
Python runtime state: core initialized
OSError: [Errno 9] Bad file descriptor

Current thread 0x00000001ee84ec40 (most recent call first):
  <no Python frame>
[2026-02-10 09:00:29] ❌ Refresh Failed: Fatal Python error: init_sys_streams: can't initialize sys standard streams
Python runtime state: core initialized
OSError: [Errno 9] Bad file descriptor

Current thread 0x00000001ee84ec40 (most recent call first):
  <no Python frame>
[2026-02-10 09:55:29] ❌ Refresh Failed: Fatal Python error: init_sys_streams: can't initialize sys standard streams
Python runtime state: core initialized
OSError: [Errno 9] Bad file descriptor

Current thread 0x00000001ee84ec40 (most recent call first):
  <no Python frame>
[2026-02-10 10:50:30] ❌ Refresh Failed: Fatal Python error: init_sys_streams: can't initialize sys standard streams
Python runtime state: core initialized
OSError: [Errno 9] Bad file descriptor

Current thread 0x00000001ee84ec40 (most recent call first):
  <no Python frame>
[2026-02-10 11:45:32] ❌ Refresh Failed: Fatal Python error: init_sys_streams: can't initialize sys standard streams
Python runtime state: core initialized
OSError: [Errno 9] Bad file descriptor

Current thread 0x00000001ee84ec40 (most recent call first):
  <no Python frame>
[2026-02-10 12:40:32] ❌ Refresh Failed: Fatal Python error: init_sys_streams: can't initialize sys standard streams
Python runtime state: core initialized
OSError: [Errno 9] Bad file descriptor

Current thread 0x00000001ee84ec40 (most recent call first):
  <no Python frame>
[2026-02-10 13:35:33] ❌ Refresh Failed: Fatal Python error: init_sys_streams: can't initialize sys standard streams
Python runtime state: core initialized
OSError: [Errno 9] Bad file descriptor

Current thread 0x00000001ee84ec40 (most recent call first):
  <no Python frame>
[2026-02-10 14:30:34] ❌ Refresh Failed: Fatal Python error: init_sys_streams: can't initialize sys standard streams
Python runtime state: core initialized
OSError: [Errno 9] Bad file descriptor

Current thread 0x00000001ee84ec40 (most recent call first):
  <no Python frame>
[2026-02-10 15:25:34] ❌ Refresh Failed: Fatal Python error: init_sys_streams: can't initialize sys standard streams
Python runtime state: core initialized
OSError: [Errno 9] Bad file descriptor

Current thread 0x00000001ee84ec40 (most recent call first):
  <no Python frame>
[2026-02-10 16:20:35] ❌ Refresh Failed: Fatal Python error: init_sys_streams: can't initialize sys standard streams
Python runtime state: core initialized
OSError: [Errno 9] Bad file descriptor

Current thread 0x00000001ee84ec40 (most recent call first):
  <no Python frame>
[2026-02-10 17:15:36] ❌ Refresh Failed: Fatal Python error: init_sys_streams: can't initialize sys standard streams
Python runtime state: core initialized
OSError: [Errno 9] Bad file descriptor

Current thread 0x00000001ee84ec40 (most recent call first):
  <no Python frame>
[2026-02-10 18:10:37] ❌ Refresh Failed: Fatal Python error: init_sys_streams: can't initialize sys standard streams
Python runtime state: core initialized
OSError: [Errno 9] Bad file descriptor

Current thread 0x00000001ee84ec40 (most recent call first):
  <no Python frame>
[2026-02-10 19:05:37] ❌ Refresh Failed: Fatal Python error: init_sys_streams: can't initialize sys standard streams
Python runtime state: core initialized
OSError: [Errno 9] Bad file descriptor

Current thread 0x00000001ee84ec40 (most recent call first):
  <no Python frame>
[2026-02-10 20:00:37] ❌ Refresh Failed: Fatal Python error: init_sys_streams: can't initialize sys standard streams
Python runtime state: core initialized
OSError: [Errno 9] Bad file descriptor

Current thread 0x00000001ee84ec40 (most recent call first):
  <no Python frame>
[2026-02-10 20:55:38] ❌ Refresh Failed: Fatal Python error: init_sys_streams: can't initialize sys standard streams
Python runtime state: core initialized
OSError: [Errno 9] Bad file descriptor

Current thread 0x00000001ee84ec40 (most recent call first):
  <no Python frame>
[2026-02-10 21:50:38] ❌ Refresh Failed: Fatal Python error: init_sys_streams: can't initialize sys standard streams
Python runtime state: core initialized
OSError: [Errno 9] Bad file descriptor

Current thread 0x00000001ee84ec40 (most recent call first):
  <no Python frame>
[2026-02-10 22:45:39] ❌ Refresh Failed: Fatal Python error: init_sys_streams: can't initialize sys standard streams
Python runtime state: core initialized
OSError: [Errno 9] Bad file descriptor

Current thread 0x00000001ee84ec40 (most recent call first):
  <no Python frame>
[2026-02-10 23:40:40] ❌ Refresh Failed: Fatal Python error: init_sys_streams: can't initialize sys standard streams
Python runtime state: core initialized
OSError: [Errno 9] Bad file descriptor

Current thread 0x00000001ee84ec40 (most recent call first):
  <no Python frame>
[2026-02-11 00:35:40] ❌ Refresh Failed: Fatal Python error: init_sys_streams: can't initialize sys standard streams
Python runtime state: core initialized
OSError: [Errno 9] Bad file descriptor

Current thread 0x00000001ee84ec40 (most recent call first):
  <no Python frame>
[2026-02-11 01:30:41] ❌ Refresh Failed: Fatal Python error: init_sys_streams: can't initialize sys standard streams
Python runtime state: core initialized
OSError: [Errno 9] Bad file descriptor

Current thread 0x00000001ee84ec40 (most recent call first):
  <no Python frame>
[2026-02-11 02:25:42] ❌ Refresh Failed: Fatal Python error: init_sys_streams: can't initialize sys standard streams
Python runtime state: core initialized
OSError: [Errno 9] Bad file descriptor

Current thread 0x00000001ee84ec40 (most recent call first):
  <no Python frame>
[2026-02-11 03:20:42] ❌ Refresh Failed: Fatal Python error: init_sys_streams: can't initialize sys standard streams
Python runtime state: core initialized
OSError: [Errno 9] Bad file descriptor

Current thread 0x00000001ee84ec40 (most recent call first):
  <no Python frame>
[2026-02-11 04:15:44] ❌ Refresh Failed: Fatal Python error: init_sys_streams: can't initialize sys standard streams
Python runtime state: core initialized
OSError: [Errno 9] Bad file descriptor

Current thread 0x00000001ee84ec40 (most recent call first):
  <no Python frame>
[2026-02-11 05:10:46] ❌ Refresh Failed: Fatal Python error: init_sys_streams: can't initialize sys standard streams
Python runtime state: core initialized
OSError: [Errno 9] Bad file descriptor

Current thread 0x00000001ee84ec40 (most recent call first):
  <no Python frame>
[2026-02-11 06:05:46] ❌ Refresh Failed: Fatal Python error: init_sys_streams: can't initialize sys standard streams
Python runtime state: core initialized
OSError: [Errno 9] Bad file descriptor

Current thread 0x00000001ee84ec40 (most recent call first):
  <no Python frame>
[2026-02-11 07:00:47] ❌ Refresh Failed: Fatal Python error: init_sys_streams: can't initialize sys standard streams
Python runtime state: core initialized
OSError: [Errno 9] Bad file descriptor

Current thread 0x00000001ee84ec40 (most recent call first):
  <no Python frame>
[2026-02-11 07:55:47] ❌ Refresh Failed: Fatal Python error: init_sys_streams: can't initialize sys standard streams
Python runtime state: core initialized
OSError: [Errno 9] Bad file descriptor

Current thread 0x00000001ee84ec40 (most recent call first):
  <no Python frame>
[2026-02-11 08:50:48] ❌ Refresh Failed: Fatal Python error: init_sys_streams: can't initialize sys standard streams
Python runtime state: core initialized
OSError: [Errno 9] Bad file descriptor

Current thread 0x00000001ee84ec40 (most recent call first):
  <no Python frame>
[2026-02-11 09:45:49] ❌ Refresh Failed: Fatal Python error: init_sys_streams: can't initialize sys standard streams
Python runtime state: core initialized
OSError: [Errno 9] Bad file descriptor

Current thread 0x00000001ee84ec40 (most recent call first):
  <no Python frame>
[2026-02-11 10:40:50] ❌ Refresh Failed: Fatal Python error: init_sys_streams: can't initialize sys standard streams
Python runtime state: core initialized
OSError: [Errno 9] Bad file descriptor

Current thread 0x00000001ee84ec40 (most recent call first):
  <no Python frame>
[2026-02-11 11:35:51] ❌ Refresh Failed: Fatal Python error: init_sys_streams: can't initialize sys standard streams
Python runtime state: core initialized
OSError: [Errno 9] Bad file descriptor

Current thread 0x00000001ee84ec40 (most recent call first):
  <no Python frame>
[2026-02-11 12:30:53] ❌ Refresh Failed: Fatal Python error: init_sys_streams: can't initialize sys standard streams
Python runtime state: core initialized
OSError: [Errno 9] Bad file descriptor

Current thread 0x00000001ee84ec40 (most recent call first):
  <no Python frame>
[2026-02-11 13:25:53] ❌ Refresh Failed: Fatal Python error: init_sys_streams: can't initialize sys standard streams
Python runtime state: core initialized
OSError: [Errno 9] Bad file descriptor

Current thread 0x00000001ee84ec40 (most recent call first):
  <no Python frame>
[2026-02-11 14:20:54] ❌ Refresh Failed: Fatal Python error: init_sys_streams: can't initialize sys standard streams
Python runtime state: core initialized
OSError: [Errno 9] Bad file descriptor

Current thread 0x00000001ee84ec40 (most recent call first):
  <no Python frame>
[2026-02-11 15:15:54] ❌ Refresh Failed: Fatal Python error: init_sys_streams: can't initialize sys standard streams
Python runtime state: core initialized
OSError: [Errno 9] Bad file descriptor

Current thread 0x00000001ee84ec40 (most recent call first):
  <no Python frame>
[2026-02-11 16:10:56] ❌ Refresh Failed: Fatal Python error: init_sys_streams: can't initialize sys standard streams
Python runtime state: core initialized
OSError: [Errno 9] Bad file descriptor

Current thread 0x00000001ee84ec40 (most recent call first):
  <no Python frame>
[2026-02-11 17:05:57] ❌ Refresh Failed: Fatal Python error: init_sys_streams: can't initialize sys standard streams
Python runtime state: core initialized
OSError: [Errno 9] Bad file descriptor

Current thread 0x00000001ee84ec40 (most recent call first):
  <no Python frame>
[2026-02-11 18:00:58] ❌ Refresh Failed: Fatal Python error: init_sys_streams: can't initialize sys standard streams
Python runtime state: core initialized
OSError: [Errno 9] Bad file descriptor

Current thread 0x00000001ee84ec40 (most recent call first):
  <no Python frame>
[2026-02-11 18:55:59] ❌ Refresh Failed: Fatal Python error: init_sys_streams: can't initialize sys standard streams
Python runtime state: core initialized
OSError: [Errno 9] Bad file descriptor

Current thread 0x00000001ee84ec40 (most recent call first):
  <no Python frame>
[2026-02-11 19:50:59] ❌ Refresh Failed: Fatal Python error: init_sys_streams: can't initialize sys standard streams
Python runtime state: core initialized
OSError: [Errno 9] Bad file descriptor

Current thread 0x00000001ee84ec40 (most recent call first):
  <no Python frame>
[2026-02-11 20:46:00] ❌ Refresh Failed: Fatal Python error: init_sys_streams: can't initialize sys standard streams
Python runtime state: core initialized
OSError: [Errno 9] Bad file descriptor

Current thread 0x00000001ee84ec40 (most recent call first):
  <no Python frame>
[2026-02-11 21:41:01] ❌ Refresh Failed: Fatal Python error: init_sys_streams: can't initialize sys standard streams
Python runtime state: core initialized
OSError: [Errno 9] Bad file descriptor

Current thread 0x00000001ee84ec40 (most recent call first):
  <no Python frame>
[2026-02-11 22:36:02] ❌ Refresh Failed: Fatal Python error: init_sys_streams: can't initialize sys standard streams
Python runtime state: core initialized
OSError: [Errno 9] Bad file descriptor

Current thread 0x00000001ee84ec40 (most recent call first):
  <no Python frame>
[2026-02-11 23:31:03] ❌ Refresh Failed: Fatal Python error: init_sys_streams: can't initialize sys standard streams
Python runtime state: core initialized
OSError: [Errno 9] Bad file descriptor

Current thread 0x00000001ee84ec40 (most recent call first):
  <no Python frame>
[2026-02-12 00:26:04] ❌ Refresh Failed: Fatal Python error: init_sys_streams: can't initialize sys standard streams
Python runtime state: core initialized
OSError: [Errno 9] Bad file descriptor

Current thread 0x00000001ee84ec40 (most recent call first):
  <no Python frame>
[2026-02-12 01:21:05] ❌ Refresh Failed: Fatal Python error: init_sys_streams: can't initialize sys standard streams
Python runtime state: core initialized
OSError: [Errno 9] Bad file descriptor

Current thread 0x00000001ee84ec40 (most recent call first):
  <no Python frame>
[2026-02-12 02:16:05] ❌ Refresh Failed: Fatal Python error: init_sys_streams: can't initialize sys standard streams
Python runtime state: core initialized
OSError: [Errno 9] Bad file descriptor

Current thread 0x00000001ee84ec40 (most recent call first):
  <no Python frame>
[2026-02-12 03:11:06] ❌ Refresh Failed: Fatal Python error: init_sys_streams: can't initialize sys standard streams
Python runtime state: core initialized
OSError: [Errno 9] Bad file descriptor

Current thread 0x00000001ee84ec40 (most recent call first):
  <no Python frame>
[2026-02-12 04:06:06] ❌ Refresh Failed: Fatal Python error: init_sys_streams: can't initialize sys standard streams
Python runtime state: core initialized
OSError: [Errno 9] Bad file descriptor

Current thread 0x00000001ee84ec40 (most recent call first):
  <no Python frame>
[2026-02-12 05:01:07] ❌ Refresh Failed: Fatal Python error: init_sys_streams: can't initialize sys standard streams
Python runtime state: core initialized
OSError: [Errno 9] Bad file descriptor

Current thread 0x00000001ee84ec40 (most recent call first):
  <no Python frame>
[2026-02-12 05:56:08] ❌ Refresh Failed: Fatal Python error: init_sys_streams: can't initialize sys standard streams
Python runtime state: core initialized
OSError: [Errno 9] Bad file descriptor

Current thread 0x00000001ee84ec40 (most recent call first):
  <no Python frame>
[2026-02-12 06:51:08] ❌ Refresh Failed: Fatal Python error: init_sys_streams: can't initialize sys standard streams
Python runtime state: core initialized
OSError: [Errno 9] Bad file descriptor

Current thread 0x00000001ee84ec40 (most recent call first):
  <no Python frame>
[2026-02-12 07:46:09] ❌ Refresh Failed: Fatal Python error: init_sys_streams: can't initialize sys standard streams
Python runtime state: core initialized
OSError: [Errno 9] Bad file descriptor

Current thread 0x00000001ee84ec40 (most recent call first):
  <no Python frame>
[2026-02-12 08:41:09] ❌ Refresh Failed: Fatal Python error: init_sys_streams: can't initialize sys standard streams
Python runtime state: core initialized
OSError: [Errno 9] Bad file descriptor

Current thread 0x00000001ee84ec40 (most recent call first):
  <no Python frame>
[2026-02-12 09:36:10] ❌ Refresh Failed: Fatal Python error: init_sys_streams: can't initialize sys standard streams
Python runtime state: core initialized
OSError: [Errno 9] Bad file descriptor

Current thread 0x00000001ee84ec40 (most recent call first):
  <no Python frame>
[2026-02-12 10:31:11] ❌ Refresh Failed: Fatal Python error: init_sys_streams: can't initialize sys standard streams
Python runtime state: core initialized
OSError: [Errno 9] Bad file descriptor

Current thread 0x00000001ee84ec40 (most recent call first):
  <no Python frame>
[2026-02-12 11:26:12] ❌ Refresh Failed: Fatal Python error: init_sys_streams: can't initialize sys standard streams
Python runtime state: core initialized
OSError: [Errno 9] Bad file descriptor

Current thread 0x00000001ee84ec40 (most recent call first):
  <no Python frame>
[2026-02-12 15:14:07] ❌ Refresh Failed: Fatal Python error: init_sys_streams: can't initialize sys standard streams
Python runtime state: core initialized
OSError: [Errno 9] Bad file descriptor

Current thread 0x00000001ee84ec40 (most recent call first):
  <no Python frame>
[2026-02-12 16:09:09] ❌ Refresh Failed: Fatal Python error: init_sys_streams: can't initialize sys standard streams
Python runtime state: core initialized
OSError: [Errno 9] Bad file descriptor

Current thread 0x00000001ee84ec40 (most recent call first):
  <no Python frame>
[2026-02-12 17:04:10] ❌ Refresh Failed: Fatal Python error: init_sys_streams: can't initialize sys standard streams
Python runtime state: core initialized
OSError: [Errno 9] Bad file descriptor

Current thread 0x00000001ee84ec40 (most recent call first):
  <no Python frame>
[2026-02-12 17:59:11] ❌ Refresh Failed: Fatal Python error: init_sys_streams: can't initialize sys standard streams
Python runtime state: core initialized
OSError: [Errno 9] Bad file descriptor

Current thread 0x00000001ee84ec40 (most recent call first):
  <no Python frame>
[2026-02-12 18:54:12] ❌ Refresh Failed: Fatal Python error: init_sys_streams: can't initialize sys standard streams
Python runtime state: core initialized
OSError: [Errno 9] Bad file descriptor

Current thread 0x00000001ee84ec40 (most recent call first):
  <no Python frame>
[2026-02-12 21:34:22] ❌ Refresh Failed: Fatal Python error: init_sys_streams: can't initialize sys standard streams
Python runtime state: core initialized
OSError: [Errno 9] Bad file descriptor

Current thread 0x00000001ee84ec40 (most recent call first):
  <no Python frame>
[2026-02-12 22:29:22] ❌ Refresh Failed: Fatal Python error: init_sys_streams: can't initialize sys standard streams
Python runtime state: core initialized
OSError: [Errno 9] Bad file descriptor

Current thread 0x00000001ee84ec40 (most recent call first):
  <no Python frame>
[2026-02-12 23:24:23] ❌ Refresh Failed: Fatal Python error: init_sys_streams: can't initialize sys standard streams
Python runtime state: core initialized
OSError: [Errno 9] Bad file descriptor

Current thread 0x00000001ee84ec40 (most recent call first):
  <no Python frame>
[2026-03-01 16:03:25] [DAEMON] 🔵 Omega Auth Daemon Started. PID: 75956
[2026-03-01 16:03:25] [DAEMON] 🔄 Triggering Auth Solver...
[2026-03-01 16:03:26] [DAEMON] ✅ Solver Success: {"status": "success", "method": "unchanged", "timestamp": 1772409806.222419}
[2026-03-01 16:03:26] [DAEMON] 💤 Sleeping for 3300 seconds...
[2026-03-01 16:58:26] [DAEMON] 🔄 Triggering Auth Solver...
[2026-03-01 16:58:29] [DAEMON] ✅ Solver Success: {"status": "success", "method": "unchanged", "timestamp": 1772413109.153528}
[2026-03-01 16:58:29] [DAEMON] 💤 Sleeping for 3300 seconds...
[2026-03-01 17:53:29] [DAEMON] 🔄 Triggering Auth Solver...
[2026-03-01 17:53:37] [DAEMON] ✅ Solver Success: {"status": "success", "method": "unchanged", "timestamp": 1772416417.9163678}
[2026-03-01 17:53:37] [DAEMON] 💤 Sleeping for 3300 seconds...
[2026-03-01 18:48:37] [DAEMON] 🔄 Triggering Auth Solver...
[2026-03-01 18:48:43] [DAEMON] ✅ Solver Success: {"status": "success", "method": "unchanged", "timestamp": 1772419723.0965571}
[2026-03-01 18:48:43] [DAEMON] 💤 Sleeping for 3300 seconds...
[2026-03-01 19:43:43] [DAEMON] 🔄 Triggering Auth Solver...
[2026-03-01 19:43:43] [DAEMON] ⚠️ Solver Exit Code 1: Fatal Python error: init_sys_streams: can't initialize sys standard streams
Python runtime state: core initialized
OSError: [Errno 9] Bad file descriptor

Current thread 0x00000001f91ef080 (most recent call first):
  <no Python frame>
[2026-03-01 19:43:43] [DAEMON] 💤 Sleeping for 3300 seconds...
